<?xml version="1.0" encoding="UTF-8"?>
<!-- Generated by org.testng.reporters.JUnitReportReporter -->
<testsuite hostname="DESKTOP-8V3EEV2" name="com.project.testcases.CalorieCalculatotPageTestCasse_Property" tests="1" failures="0" timestamp="17 Nov 2020 08:52:15 GMT" time="13.510" errors="0">
  <testcase name="EnterCalorieDetails" time="13.510" classname="com.project.testcases.CalorieCalculatotPageTestCasse_Property"/>
</testsuite> <!-- com.project.testcases.CalorieCalculatotPageTestCasse_Property -->
