<?xml version="1.0" encoding="UTF-8"?>
<!-- Generated by org.testng.reporters.JUnitReportReporter -->
<testsuite hostname="DESKTOP-8V3EEV2" name="com.project.testcases.CalorieCalculatotPageTestCase" tests="1" failures="0" timestamp="13 Nov 2020 10:59:39 GMT" time="9.972" errors="0">
  <testcase name="EnterCalorieDetails" time="9.972" classname="com.project.testcases.CalorieCalculatotPageTestCase"/>
</testsuite> <!-- com.project.testcases.CalorieCalculatotPageTestCase -->
