<?xml version="1.0" encoding="UTF-8"?>
<!-- Generated by org.testng.reporters.JUnitReportReporter -->
<testsuite hostname="DESKTOP-8V3EEV2" name="testngPack.CalorieCalculator2" tests="3" failures="0" timestamp="16 Nov 2020 16:39:52 GMT" time="4.938" errors="0">
  <testcase name="EnterCalorieDetails" time="0.152" classname="testngPack.CalorieCalculator2"/>
  <testcase name="EnterCalorieDetails" time="0.391" classname="testngPack.CalorieCalculator2"/>
  <testcase name="ExtractWebTable" time="4.395" classname="testngPack.CalorieCalculator2"/>
</testsuite> <!-- testngPack.CalorieCalculator2 -->
