<?xml version="1.0" encoding="UTF-8"?>
<!-- Generated by org.testng.reporters.JUnitReportReporter -->
<testsuite hostname="DESKTOP-8V3EEV2" name="testngPack.HandlindMouseOps" tests="1" failures="0" timestamp="11 Nov 2020 12:20:42 GMT" time="9.649" errors="0">
  <testcase name="MouseOperations" time="9.649" classname="testngPack.HandlindMouseOps"/>
</testsuite> <!-- testngPack.HandlindMouseOps -->
