<?xml version="1.0" encoding="UTF-8"?>
<!-- Generated by org.testng.reporters.JUnitReportReporter -->
<testsuite hostname="DESKTOP-8V3EEV2" name="testngPack.CalorieCalculator" tests="1" failures="0" timestamp="11 Nov 2020 12:20:42 GMT" time="17.428" errors="0">
  <testcase name="EnterCalorieDetails" time="17.428" classname="testngPack.CalorieCalculator"/>
</testsuite> <!-- testngPack.CalorieCalculator -->
