<?xml version="1.0" encoding="UTF-8"?>
<!-- Generated by org.testng.reporters.JUnitReportReporter -->
<testsuite hostname="DESKTOP-8V3EEV2" name="AssignmentPack.RedBusApp_T01" tests="1" failures="0" timestamp="17 Nov 2020 16:02:15 GMT" time="38.137" errors="0">
  <testcase name="SignIn_SignOut" time="38.137" classname="AssignmentPack.RedBusApp_T01"/>
</testsuite> <!-- AssignmentPack.RedBusApp_T01 -->
