<?xml version="1.0" encoding="UTF-8"?>
<!-- Generated by org.testng.reporters.JUnitReportReporter -->
<testsuite hostname="DESKTOP-8V3EEV2" name="AssignmentPack.RedBusApp_T03" tests="1" failures="0" timestamp="13 Nov 2020 15:57:04 GMT" time="47.050" errors="0">
  <testcase name="ShowMyTicket" time="47.050" classname="AssignmentPack.RedBusApp_T03"/>
</testsuite> <!-- AssignmentPack.RedBusApp_T03 -->
