<?xml version="1.0" encoding="UTF-8"?>
<!-- Generated by org.testng.reporters.JUnitReportReporter -->
<testsuite hostname="DESKTOP-8V3EEV2" name="AssignmentPack.RedBusApp_T02" tests="1" failures="0" timestamp="13 Nov 2020 15:54:53 GMT" time="49.246" errors="0">
  <testcase name="SearchBuses" time="49.246" classname="AssignmentPack.RedBusApp_T02"/>
</testsuite> <!-- AssignmentPack.RedBusApp_T02 -->
