<?xml version="1.0" encoding="UTF-8"?>
<!-- Generated by org.testng.reporters.JUnitReportReporter -->
<testsuite hostname="DESKTOP-8V3EEV2" name="AssignmentPack.RedBusApp_T04" tests="1" failures="0" timestamp="13 Nov 2020 16:00:02 GMT" time="41.724" errors="0">
  <testcase name="EmailSMS" time="41.724" classname="AssignmentPack.RedBusApp_T04"/>
</testsuite> <!-- AssignmentPack.RedBusApp_T04 -->
