<?xml version="1.0" encoding="UTF-8"?>
<!-- Generated by org.testng.reporters.JUnitReportReporter -->
<testsuite hostname="DESKTOP-8V3EEV2" name="testngPack.testngExample1" tests="2" failures="0" timestamp="18 Nov 2020 10:28:22 GMT" time="0.011" errors="0">
  <testcase name="Test2" time="0.002" classname="testngPack.testngExample1"/>
  <testcase name="Test1" time="0.009" classname="testngPack.testngExample1"/>
</testsuite> <!-- testngPack.testngExample1 -->
