<?xml version="1.0" encoding="UTF-8"?>
<!-- Generated by org.testng.reporters.JUnitReportReporter -->
<testsuite hostname="DESKTOP-8V3EEV2" name="testngPack.CalorieCalculator4Excel_Collection" tests="3" failures="0" timestamp="13 Nov 2020 09:43:48 GMT" time="43.841" errors="0">
  <testcase name="EnterCalorieDetails" time="14.845" classname="testngPack.CalorieCalculator4Excel_Collection"/>
  <testcase name="ExtractWebTable" time="16.722" classname="testngPack.CalorieCalculator4Excel_Collection"/>
  <testcase name="EnterCalorieDetails" time="12.274" classname="testngPack.CalorieCalculator4Excel_Collection"/>
</testsuite> <!-- testngPack.CalorieCalculator4Excel_Collection -->
