<?xml version="1.0" encoding="UTF-8"?>
<!-- Generated by org.testng.reporters.JUnitReportReporter -->
<testsuite hostname="DESKTOP-8V3EEV2" name="testngPack.CalorieCalculator3" tests="2" failures="0" timestamp="16 Nov 2020 16:50:10 GMT" time="0.017" errors="0">
  <testcase name="Login" time="0.002" classname="testngPack.CalorieCalculator3"/>
  <testcase name="Login" time="0.015" classname="testngPack.CalorieCalculator3"/>
</testsuite> <!-- testngPack.CalorieCalculator3 -->
